<?xml version="1.0" encoding="UTF-8"?>
<!-- Generated by org.testng.reporters.JUnitXMLReporter -->
<testsuite hostname="TUANANH" ignored="0" name="Demo" tests="6" failures="2" timestamp="29 Jun 2019 04:27:56 GMT" time="35.144" errors="0">
  <testcase name="bmiCalculate" time="3.163" classname="modules.Day07.BMITest"/>
  <testcase name="bmiCalculate" time="2.527" classname="modules.Day07.BMITest"/>
  <testcase name="bmiCalculate" time="2.847" classname="modules.Day07.BMITest"/>
  <testcase name="bmiCalculate" time="2.355" classname="modules.Day07.BMITest">
    <failure type="java.lang.AssertionError" message="expected [BMI = 20.70 kg/m2  (Normal)] but found [BMI = 21.6 kg/m2   (Normal)]">
      <![CDATA[java.lang.AssertionError: expected [BMI = 20.70 kg/m2  (Normal)] but found [BMI = 21.6 kg/m2   (Normal)]
at modules.Day07.BMITest.bmiCalculate(BMITest.java:33)
... Removed 35 stack frames]]>
    </failure>
  </testcase> <!-- bmiCalculate -->
  <testcase name="bmiCalculate" time="2.709" classname="modules.Day07.BMITest">
    <failure type="java.lang.AssertionError" message="expected [BMI = 20.70 kg/m2  (Normal)] but found [BMI = 21.6 kg/m2   (Normal)]">
      <![CDATA[java.lang.AssertionError: expected [BMI = 20.70 kg/m2  (Normal)] but found [BMI = 21.6 kg/m2   (Normal)]
at modules.Day07.BMITest.bmiCalculate(BMITest.java:33)
... Removed 35 stack frames]]>
    </failure>
  </testcase> <!-- bmiCalculate -->
  <testcase name="bmiCalculate" time="2.468" classname="modules.Day07.BMITest"/>
</testsuite> <!-- Demo -->
