<?xml version="1.0" encoding="UTF-8"?>
<!-- Generated by org.testng.reporters.JUnitXMLReporter -->
<testsuite hostname="TUANANH" ignored="5" name="Group Test" tests="2" failures="1" timestamp="22 Jun 2019 13:48:31 GMT" time="4.345" errors="0">
  <testcase name="testMethodOne" time="4.132" classname="modules.Day07.GroupTest"/>
  <testcase name="testMethodThree" time="0.006" classname="modules.Day07.GroupTest">
    <failure type="java.lang.AssertionError" message="expected [false] but found [true]">
      <![CDATA[java.lang.AssertionError: expected [false] but found [true]
at modules.Day07.GroupTest.testMethodThree(GroupTest.java:24)
... Removed 35 stack frames]]>
    </failure>
  </testcase> <!-- testMethodThree -->
  <testcase name="testMethodFour" time="0.0" classname="modules.Day07.GroupTest">
    <ignored/>
  </testcase> <!-- testMethodFour -->
  <testcase name="testMethodSeven" time="0.0" classname="modules.Day07.GroupTest">
    <ignored/>
  </testcase> <!-- testMethodSeven -->
  <testcase name="testMethodTwo" time="0.0" classname="modules.Day07.GroupTest">
    <ignored/>
  </testcase> <!-- testMethodTwo -->
  <testcase name="testMethodFive" time="0.0" classname="modules.Day07.GroupTest">
    <ignored/>
  </testcase> <!-- testMethodFive -->
  <testcase name="testMethodSix" time="0.0" classname="modules.Day07.GroupTest">
    <ignored/>
  </testcase> <!-- testMethodSix -->
</testsuite> <!-- Group Test -->
