<?xml version="1.0" encoding="UTF-8"?>
<testsuite xmlns:xsi="http://www.w3.org/2001/XMLSchema-instance" xsi:noNamespaceSchemaLocation="https://maven.apache.org/surefire/maven-surefire-plugin/xsd/surefire-test-report.xsd" name="TestSuite" time="37.177" tests="6" errors="0" skipped="0" failures="2">
  <properties>
[...]
</properties>
  <testcase name="bmiCalculate" classname="modules.Day07.BMITest" time="3.163"/>
  <testcase name="bmiCalculate" classname="modules.Day07.BMITest" time="2.528"/>
  <testcase name="bmiCalculate" classname="modules.Day07.BMITest" time="2.847"/>
  <testcase name="bmiCalculate" classname="modules.Day07.BMITest" time="2.367">
    <failure message="expected [BMI = 20.70 kg/m2  (Normal)] but found [BMI = 21.6 kg/m2   (Normal)]" type="java.lang.AssertionError">java.lang.AssertionError: expected [BMI = 20.70 kg/m2  (Normal)] but found [BMI = 21.6 kg/m2   (Normal)]
	at modules.Day07.BMITest.bmiCalculate(BMITest.java:33)
</failure>
    <system-out><![CDATA[TEST PASSED
]]></system-out>
  </testcase>
  <testcase name="bmiCalculate" classname="modules.Day07.BMITest" time="2.709">
    <failure message="expected [BMI = 20.70 kg/m2  (Normal)] but found [BMI = 21.6 kg/m2   (Normal)]" type="java.lang.AssertionError">java.lang.AssertionError: expected [BMI = 20.70 kg/m2  (Normal)] but found [BMI = 21.6 kg/m2   (Normal)]
	at modules.Day07.BMITest.bmiCalculate(BMITest.java:33)
</failure>
    <system-out><![CDATA[TEST FAILED
]]></system-out>
  </testcase>
  <testcase name="bmiCalculate" classname="modules.Day07.BMITest" time="2.467"/>
</testsuite>