<?xml version="1.0" encoding="UTF-8"?>
<testng-results skipped="0" failed="2" ignored="0" total="6" passed="4">
  <reporter-output>
  </reporter-output>
  <suite name="TestNG sample" duration-ms="35144" started-at="2019-06-29T04:27:21Z" finished-at="2019-06-29T04:27:56Z">
    <groups>
    </groups>
    <test name="Demo" duration-ms="35144" started-at="2019-06-29T04:27:21Z" finished-at="2019-06-29T04:27:56Z">
      <class name="modules.Day07.BMITest">
        <test-method status="PASS" signature="setUp(java.lang.String)[pri:0, instance:modules.Day07.BMITest@46f699d5]" name="setUp" is-config="true" duration-ms="8993" started-at="2019-06-29T04:27:21Z" finished-at="2019-06-29T04:27:30Z">
          <params>
            <param index="0">
              <value>
                <![CDATA[chrome]]>
              </value>
            </param>
          </params>
          <reporter-output>
          </reporter-output>
        </test-method> <!-- setUp -->
        <test-method status="PASS" signature="init(java.lang.String)[pri:0, instance:modules.Day07.BMITest@46f699d5]" name="init" is-config="true" duration-ms="3753" started-at="2019-06-29T04:27:30Z" finished-at="2019-06-29T04:27:34Z">
          <params>
            <param index="0">
              <value>
                <![CDATA[https://www.calculator.net/bmi-calculator.html]]>
              </value>
            </param>
          </params>
          <reporter-output>
          </reporter-output>
        </test-method> <!-- init -->
        <test-method status="PASS" signature="bmiCalculate(java.lang.String, java.lang.String, java.lang.String, java.lang.String, java.lang.String)[pri:0, instance:modules.Day07.BMITest@46f699d5]" name="bmiCalculate" duration-ms="3163" started-at="2019-06-29T04:27:34Z" data-provider="bmidata" finished-at="2019-06-29T04:27:37Z">
          <params>
            <param index="0">
              <value>
                <![CDATA[30]]>
              </value>
            </param>
            <param index="1">
              <value>
                <![CDATA[male]]>
              </value>
            </param>
            <param index="2">
              <value>
                <![CDATA[172]]>
              </value>
            </param>
            <param index="3">
              <value>
                <![CDATA[64]]>
              </value>
            </param>
            <param index="4">
              <value>
                <![CDATA[BMI = 21.6 kg/m2   (Normal)]]>
              </value>
            </param>
          </params>
          <reporter-output>
          </reporter-output>
        </test-method> <!-- bmiCalculate -->
        <test-method status="PASS" signature="clear(org.testng.ITestResult)[pri:0, instance:modules.Day07.BMITest@46f699d5]" name="clear" is-config="true" duration-ms="2" started-at="2019-06-29T04:27:37Z" finished-at="2019-06-29T04:27:37Z">
          <params>
            <param index="0">
              <value>
                <![CDATA[[TestResult name=bmiCalculate status=SUCCESS method=BMITest.bmiCalculate(java.lang.String, java.lang.String, java.lang.String, java.lang.String, java.lang.String)[pri:0, instance:modules.Day07.BMITest@46f699d5] output={null}]]]>
              </value>
            </param>
          </params>
          <reporter-output>
          </reporter-output>
        </test-method> <!-- clear -->
        <test-method status="PASS" signature="init(java.lang.String)[pri:0, instance:modules.Day07.BMITest@46f699d5]" name="init" is-config="true" duration-ms="805" started-at="2019-06-29T04:27:37Z" finished-at="2019-06-29T04:27:38Z">
          <params>
            <param index="0">
              <value>
                <![CDATA[https://www.calculator.net/bmi-calculator.html]]>
              </value>
            </param>
          </params>
          <reporter-output>
          </reporter-output>
        </test-method> <!-- init -->
        <test-method status="PASS" signature="bmiCalculate(java.lang.String, java.lang.String, java.lang.String, java.lang.String, java.lang.String)[pri:0, instance:modules.Day07.BMITest@46f699d5]" name="bmiCalculate" duration-ms="2527" started-at="2019-06-29T04:27:38Z" data-provider="bmidata" finished-at="2019-06-29T04:27:41Z">
          <params>
            <param index="0">
              <value>
                <![CDATA[30]]>
              </value>
            </param>
            <param index="1">
              <value>
                <![CDATA[male]]>
              </value>
            </param>
            <param index="2">
              <value>
                <![CDATA[172]]>
              </value>
            </param>
            <param index="3">
              <value>
                <![CDATA[64]]>
              </value>
            </param>
            <param index="4">
              <value>
                <![CDATA[BMI = 21.6 kg/m2   (Normal)]]>
              </value>
            </param>
          </params>
          <reporter-output>
          </reporter-output>
        </test-method> <!-- bmiCalculate -->
        <test-method status="PASS" signature="clear(org.testng.ITestResult)[pri:0, instance:modules.Day07.BMITest@46f699d5]" name="clear" is-config="true" duration-ms="0" started-at="2019-06-29T04:27:41Z" finished-at="2019-06-29T04:27:41Z">
          <params>
            <param index="0">
              <value>
                <![CDATA[[TestResult name=bmiCalculate status=SUCCESS method=BMITest.bmiCalculate(java.lang.String, java.lang.String, java.lang.String, java.lang.String, java.lang.String)[pri:0, instance:modules.Day07.BMITest@46f699d5] output={null}]]]>
              </value>
            </param>
          </params>
          <reporter-output>
          </reporter-output>
        </test-method> <!-- clear -->
        <test-method status="PASS" signature="init(java.lang.String)[pri:0, instance:modules.Day07.BMITest@46f699d5]" name="init" is-config="true" duration-ms="769" started-at="2019-06-29T04:27:41Z" finished-at="2019-06-29T04:27:41Z">
          <params>
            <param index="0">
              <value>
                <![CDATA[https://www.calculator.net/bmi-calculator.html]]>
              </value>
            </param>
          </params>
          <reporter-output>
          </reporter-output>
        </test-method> <!-- init -->
        <test-method status="PASS" signature="bmiCalculate(java.lang.String, java.lang.String, java.lang.String, java.lang.String, java.lang.String)[pri:0, instance:modules.Day07.BMITest@46f699d5]" name="bmiCalculate" duration-ms="2847" started-at="2019-06-29T04:27:42Z" data-provider="bmidata" finished-at="2019-06-29T04:27:44Z">
          <params>
            <param index="0">
              <value>
                <![CDATA[30]]>
              </value>
            </param>
            <param index="1">
              <value>
                <![CDATA[male]]>
              </value>
            </param>
            <param index="2">
              <value>
                <![CDATA[172]]>
              </value>
            </param>
            <param index="3">
              <value>
                <![CDATA[64]]>
              </value>
            </param>
            <param index="4">
              <value>
                <![CDATA[BMI = 21.6 kg/m2   (Normal)]]>
              </value>
            </param>
          </params>
          <reporter-output>
          </reporter-output>
        </test-method> <!-- bmiCalculate -->
        <test-method status="PASS" signature="clear(org.testng.ITestResult)[pri:0, instance:modules.Day07.BMITest@46f699d5]" name="clear" is-config="true" duration-ms="0" started-at="2019-06-29T04:27:44Z" finished-at="2019-06-29T04:27:44Z">
          <params>
            <param index="0">
              <value>
                <![CDATA[[TestResult name=bmiCalculate status=SUCCESS method=BMITest.bmiCalculate(java.lang.String, java.lang.String, java.lang.String, java.lang.String, java.lang.String)[pri:0, instance:modules.Day07.BMITest@46f699d5] output={null}]]]>
              </value>
            </param>
          </params>
          <reporter-output>
          </reporter-output>
        </test-method> <!-- clear -->
        <test-method status="PASS" signature="init(java.lang.String)[pri:0, instance:modules.Day07.BMITest@46f699d5]" name="init" is-config="true" duration-ms="545" started-at="2019-06-29T04:27:44Z" finished-at="2019-06-29T04:27:45Z">
          <params>
            <param index="0">
              <value>
                <![CDATA[https://www.calculator.net/bmi-calculator.html]]>
              </value>
            </param>
          </params>
          <reporter-output>
          </reporter-output>
        </test-method> <!-- init -->
        <test-method status="FAIL" signature="bmiCalculate(java.lang.String, java.lang.String, java.lang.String, java.lang.String, java.lang.String)[pri:0, instance:modules.Day07.BMITest@46f699d5]" name="bmiCalculate" duration-ms="2355" started-at="2019-06-29T04:27:45Z" data-provider="bmidata" finished-at="2019-06-29T04:27:47Z">
          <params>
            <param index="0">
              <value>
                <![CDATA[30]]>
              </value>
            </param>
            <param index="1">
              <value>
                <![CDATA[male]]>
              </value>
            </param>
            <param index="2">
              <value>
                <![CDATA[172]]>
              </value>
            </param>
            <param index="3">
              <value>
                <![CDATA[64]]>
              </value>
            </param>
            <param index="4">
              <value>
                <![CDATA[BMI = 20.70 kg/m2  (Normal)]]>
              </value>
            </param>
          </params>
          <exception class="java.lang.AssertionError">
            <message>
              <![CDATA[expected [BMI = 20.70 kg/m2  (Normal)] but found [BMI = 21.6 kg/m2   (Normal)]]]>
            </message>
            <full-stacktrace>
              <![CDATA[java.lang.AssertionError: expected [BMI = 20.70 kg/m2  (Normal)] but found [BMI = 21.6 kg/m2   (Normal)]
at org.testng.Assert.fail(Assert.java:96)
at org.testng.Assert.failNotEquals(Assert.java:776)
at org.testng.Assert.assertEqualsImpl(Assert.java:137)
at org.testng.Assert.assertEquals(Assert.java:118)
at org.testng.Assert.assertEquals(Assert.java:453)
at org.testng.Assert.assertEquals(Assert.java:463)
at modules.Day07.BMITest.bmiCalculate(BMITest.java:33)
at sun.reflect.NativeMethodAccessorImpl.invoke0(Native Method)
at sun.reflect.NativeMethodAccessorImpl.invoke(NativeMethodAccessorImpl.java:62)
at sun.reflect.DelegatingMethodAccessorImpl.invoke(DelegatingMethodAccessorImpl.java:43)
at java.lang.reflect.Method.invoke(Method.java:498)
at org.testng.internal.MethodInvocationHelper.invokeMethod(MethodInvocationHelper.java:124)
at org.testng.internal.Invoker.invokeMethod(Invoker.java:583)
at org.testng.internal.Invoker.invokeTestMethod(Invoker.java:719)
at org.testng.internal.Invoker.invokeTestMethods(Invoker.java:989)
at org.testng.internal.TestMethodWorker.invokeTestMethods(TestMethodWorker.java:125)
at org.testng.internal.TestMethodWorker.run(TestMethodWorker.java:109)
at org.testng.TestRunner.privateRun(TestRunner.java:648)
at org.testng.TestRunner.run(TestRunner.java:505)
at org.testng.SuiteRunner.runTest(SuiteRunner.java:455)
at org.testng.SuiteRunner.runSequentially(SuiteRunner.java:450)
at org.testng.SuiteRunner.privateRun(SuiteRunner.java:415)
at org.testng.SuiteRunner.run(SuiteRunner.java:364)
at org.testng.SuiteRunnerWorker.runSuite(SuiteRunnerWorker.java:52)
at org.testng.SuiteRunnerWorker.run(SuiteRunnerWorker.java:84)
at org.testng.TestNG.runSuitesSequentially(TestNG.java:1208)
at org.testng.TestNG.runSuitesLocally(TestNG.java:1137)
at org.testng.TestNG.runSuites(TestNG.java:1049)
at org.testng.TestNG.run(TestNG.java:1017)
at org.apache.maven.surefire.testng.TestNGExecutor.run(TestNGExecutor.java:283)
at org.apache.maven.surefire.testng.TestNGXmlTestSuite.execute(TestNGXmlTestSuite.java:75)
at org.apache.maven.surefire.testng.TestNGProvider.invoke(TestNGProvider.java:120)
at org.apache.maven.surefire.booter.ForkedBooter.invokeProviderInSameClassLoader(ForkedBooter.java:384)
at org.apache.maven.surefire.booter.ForkedBooter.runSuitesInProcess(ForkedBooter.java:345)
at org.apache.maven.surefire.booter.ForkedBooter.execute(ForkedBooter.java:126)
at org.apache.maven.surefire.booter.ForkedBooter.main(ForkedBooter.java:418)
]]>
            </full-stacktrace>
          </exception> <!-- java.lang.AssertionError -->
          <reporter-output>
          </reporter-output>
        </test-method> <!-- bmiCalculate -->
        <test-method status="PASS" signature="clear(org.testng.ITestResult)[pri:0, instance:modules.Day07.BMITest@46f699d5]" name="clear" is-config="true" duration-ms="947" started-at="2019-06-29T04:27:47Z" finished-at="2019-06-29T04:27:48Z">
          <params>
            <param index="0">
              <value>
                <![CDATA[[TestResult name=bmiCalculate status=FAILURE method=BMITest.bmiCalculate(java.lang.String, java.lang.String, java.lang.String, java.lang.String, java.lang.String)[pri:0, instance:modules.Day07.BMITest@46f699d5] output={null}]]]>
              </value>
            </param>
          </params>
          <reporter-output>
          </reporter-output>
        </test-method> <!-- clear -->
        <test-method status="PASS" signature="init(java.lang.String)[pri:0, instance:modules.Day07.BMITest@46f699d5]" name="init" is-config="true" duration-ms="617" started-at="2019-06-29T04:27:48Z" finished-at="2019-06-29T04:27:49Z">
          <params>
            <param index="0">
              <value>
                <![CDATA[https://www.calculator.net/bmi-calculator.html]]>
              </value>
            </param>
          </params>
          <reporter-output>
          </reporter-output>
        </test-method> <!-- init -->
        <test-method status="FAIL" signature="bmiCalculate(java.lang.String, java.lang.String, java.lang.String, java.lang.String, java.lang.String)[pri:0, instance:modules.Day07.BMITest@46f699d5]" name="bmiCalculate" duration-ms="2709" started-at="2019-06-29T04:27:49Z" data-provider="bmidata" finished-at="2019-06-29T04:27:52Z">
          <params>
            <param index="0">
              <value>
                <![CDATA[30]]>
              </value>
            </param>
            <param index="1">
              <value>
                <![CDATA[male]]>
              </value>
            </param>
            <param index="2">
              <value>
                <![CDATA[172]]>
              </value>
            </param>
            <param index="3">
              <value>
                <![CDATA[64]]>
              </value>
            </param>
            <param index="4">
              <value>
                <![CDATA[BMI = 20.70 kg/m2  (Normal)]]>
              </value>
            </param>
          </params>
          <exception class="java.lang.AssertionError">
            <message>
              <![CDATA[expected [BMI = 20.70 kg/m2  (Normal)] but found [BMI = 21.6 kg/m2   (Normal)]]]>
            </message>
            <full-stacktrace>
              <![CDATA[java.lang.AssertionError: expected [BMI = 20.70 kg/m2  (Normal)] but found [BMI = 21.6 kg/m2   (Normal)]
at org.testng.Assert.fail(Assert.java:96)
at org.testng.Assert.failNotEquals(Assert.java:776)
at org.testng.Assert.assertEqualsImpl(Assert.java:137)
at org.testng.Assert.assertEquals(Assert.java:118)
at org.testng.Assert.assertEquals(Assert.java:453)
at org.testng.Assert.assertEquals(Assert.java:463)
at modules.Day07.BMITest.bmiCalculate(BMITest.java:33)
at sun.reflect.NativeMethodAccessorImpl.invoke0(Native Method)
at sun.reflect.NativeMethodAccessorImpl.invoke(NativeMethodAccessorImpl.java:62)
at sun.reflect.DelegatingMethodAccessorImpl.invoke(DelegatingMethodAccessorImpl.java:43)
at java.lang.reflect.Method.invoke(Method.java:498)
at org.testng.internal.MethodInvocationHelper.invokeMethod(MethodInvocationHelper.java:124)
at org.testng.internal.Invoker.invokeMethod(Invoker.java:583)
at org.testng.internal.Invoker.invokeTestMethod(Invoker.java:719)
at org.testng.internal.Invoker.invokeTestMethods(Invoker.java:989)
at org.testng.internal.TestMethodWorker.invokeTestMethods(TestMethodWorker.java:125)
at org.testng.internal.TestMethodWorker.run(TestMethodWorker.java:109)
at org.testng.TestRunner.privateRun(TestRunner.java:648)
at org.testng.TestRunner.run(TestRunner.java:505)
at org.testng.SuiteRunner.runTest(SuiteRunner.java:455)
at org.testng.SuiteRunner.runSequentially(SuiteRunner.java:450)
at org.testng.SuiteRunner.privateRun(SuiteRunner.java:415)
at org.testng.SuiteRunner.run(SuiteRunner.java:364)
at org.testng.SuiteRunnerWorker.runSuite(SuiteRunnerWorker.java:52)
at org.testng.SuiteRunnerWorker.run(SuiteRunnerWorker.java:84)
at org.testng.TestNG.runSuitesSequentially(TestNG.java:1208)
at org.testng.TestNG.runSuitesLocally(TestNG.java:1137)
at org.testng.TestNG.runSuites(TestNG.java:1049)
at org.testng.TestNG.run(TestNG.java:1017)
at org.apache.maven.surefire.testng.TestNGExecutor.run(TestNGExecutor.java:283)
at org.apache.maven.surefire.testng.TestNGXmlTestSuite.execute(TestNGXmlTestSuite.java:75)
at org.apache.maven.surefire.testng.TestNGProvider.invoke(TestNGProvider.java:120)
at org.apache.maven.surefire.booter.ForkedBooter.invokeProviderInSameClassLoader(ForkedBooter.java:384)
at org.apache.maven.surefire.booter.ForkedBooter.runSuitesInProcess(ForkedBooter.java:345)
at org.apache.maven.surefire.booter.ForkedBooter.execute(ForkedBooter.java:126)
at org.apache.maven.surefire.booter.ForkedBooter.main(ForkedBooter.java:418)
]]>
            </full-stacktrace>
          </exception> <!-- java.lang.AssertionError -->
          <reporter-output>
          </reporter-output>
        </test-method> <!-- bmiCalculate -->
        <test-method status="PASS" signature="clear(org.testng.ITestResult)[pri:0, instance:modules.Day07.BMITest@46f699d5]" name="clear" is-config="true" duration-ms="1070" started-at="2019-06-29T04:27:52Z" finished-at="2019-06-29T04:27:53Z">
          <params>
            <param index="0">
              <value>
                <![CDATA[[TestResult name=bmiCalculate status=FAILURE method=BMITest.bmiCalculate(java.lang.String, java.lang.String, java.lang.String, java.lang.String, java.lang.String)[pri:0, instance:modules.Day07.BMITest@46f699d5] output={null}]]]>
              </value>
            </param>
          </params>
          <reporter-output>
          </reporter-output>
        </test-method> <!-- clear -->
        <test-method status="PASS" signature="init(java.lang.String)[pri:0, instance:modules.Day07.BMITest@46f699d5]" name="init" is-config="true" duration-ms="547" started-at="2019-06-29T04:27:53Z" finished-at="2019-06-29T04:27:53Z">
          <params>
            <param index="0">
              <value>
                <![CDATA[https://www.calculator.net/bmi-calculator.html]]>
              </value>
            </param>
          </params>
          <reporter-output>
          </reporter-output>
        </test-method> <!-- init -->
        <test-method status="PASS" signature="bmiCalculate(java.lang.String, java.lang.String, java.lang.String, java.lang.String, java.lang.String)[pri:0, instance:modules.Day07.BMITest@46f699d5]" name="bmiCalculate" duration-ms="2468" started-at="2019-06-29T04:27:53Z" data-provider="bmidata" finished-at="2019-06-29T04:27:56Z">
          <params>
            <param index="0">
              <value>
                <![CDATA[30]]>
              </value>
            </param>
            <param index="1">
              <value>
                <![CDATA[male]]>
              </value>
            </param>
            <param index="2">
              <value>
                <![CDATA[172]]>
              </value>
            </param>
            <param index="3">
              <value>
                <![CDATA[64]]>
              </value>
            </param>
            <param index="4">
              <value>
                <![CDATA[BMI = 21.6 kg/m2   (Normal)]]>
              </value>
            </param>
          </params>
          <reporter-output>
          </reporter-output>
        </test-method> <!-- bmiCalculate -->
        <test-method status="PASS" signature="clear(org.testng.ITestResult)[pri:0, instance:modules.Day07.BMITest@46f699d5]" name="clear" is-config="true" duration-ms="0" started-at="2019-06-29T04:27:56Z" finished-at="2019-06-29T04:27:56Z">
          <params>
            <param index="0">
              <value>
                <![CDATA[[TestResult name=bmiCalculate status=SUCCESS method=BMITest.bmiCalculate(java.lang.String, java.lang.String, java.lang.String, java.lang.String, java.lang.String)[pri:0, instance:modules.Day07.BMITest@46f699d5] output={null}]]]>
              </value>
            </param>
          </params>
          <reporter-output>
          </reporter-output>
        </test-method> <!-- clear -->
        <test-method status="PASS" signature="tearDown()[pri:0, instance:modules.Day07.BMITest@46f699d5]" name="tearDown" is-config="true" duration-ms="768" started-at="2019-06-29T04:27:56Z" finished-at="2019-06-29T04:27:56Z">
          <reporter-output>
          </reporter-output>
        </test-method> <!-- tearDown -->
      </class> <!-- modules.Day07.BMITest -->
    </test> <!-- Demo -->
  </suite> <!-- TestNG sample -->
</testng-results>
